Arguments: 
  /Users/annagao/.nvm/versions/node/v16.6.2/bin/node /Users/annagao/.nvm/versions/node/v16.6.2/bin/yarn global bin

PATH: 
  /Users/annagao/.nvm/versions/node/v16.6.2/bin:/usr/local/bin:/usr/bin:/bin:/usr/sbin:/sbin:/Library/Apple/usr/bin:info If you think this is a bug, please open a bug report with the information provided in "/Users/annagao/Desktop/NucampFolder/5-NodeJS-Express-MongoDB/node-express/yarn-error.log".
  info Visit https://yarnpkg.com/en/docs/cli/global for documentation about this command.

Yarn version: 
  1.22.15

Node version: 
  16.6.2

Platform: 
  darwin arm64

Trace: 
  SyntaxError: /Users/annagao/Desktop/NucampFolder/5-NodeJS-Express-MongoDB/node-express/package.json: Unexpected end of JSON input
      at JSON.parse (<anonymous>)
      at /Users/annagao/.nvm/versions/node/v16.6.2/lib/node_modules/yarn/lib/cli.js:1625:59
      at Generator.next (<anonymous>)
      at step (/Users/annagao/.nvm/versions/node/v16.6.2/lib/node_modules/yarn/lib/cli.js:310:30)
      at /Users/annagao/.nvm/versions/node/v16.6.2/lib/node_modules/yarn/lib/cli.js:321:13

npm manifest: 
  

yarn manifest: 
  No manifest

Lockfile: 
  No lockfile
